2026-02-28 14:23:50,824 INFO (StartupInfoLogger.java:50)- Starting App v1.0-SNAPSHOT on zy with PID 44576 (D:\JavaProjects\SpringBoot\target\SpringBoot-1.0-SNAPSHOT.jar started by 15955 in D:\JavaProjects\SpringBoot)
2026-02-28 14:23:50,827 INFO (SpringApplication.java:652)- The following profiles are active: dev
2026-02-28 14:23:51,916 INFO (TomcatWebServer.java:90)- Tomcat initialized with port(s): 8085 (http)
2026-02-28 14:23:51,929 INFO (DirectJDKLog.java:173)- Initializing ProtocolHandler ["http-nio-8085"]
2026-02-28 14:23:51,935 INFO (DirectJDKLog.java:173)- Starting service [Tomcat]
2026-02-28 14:23:51,936 INFO (DirectJDKLog.java:173)- Starting Servlet engine: [Apache Tomcat/9.0.24]
2026-02-28 14:23:51,988 INFO (DirectJDKLog.java:173)- Initializing Spring embedded WebApplicationContext
2026-02-28 14:23:51,989 INFO (ServletWebServerApplicationContext.java:284)- Root WebApplicationContext: initialization completed in 1131 ms
2026-02-28 14:23:52,451 INFO (ExecutorConfigurationSupport.java:171)- Initializing ExecutorService 'applicationTaskExecutor'
2026-02-28 14:23:52,737 INFO (ExecutorConfigurationSupport.java:171)- Initializing ExecutorService 'taskScheduler'
2026-02-28 14:23:52,791 INFO (DirectJDKLog.java:173)- Starting ProtocolHandler ["http-nio-8085"]
2026-02-28 14:23:52,793 INFO (ScheduledTasks.java:17)- <<定时任务task01>> 1772259832790
2026-02-28 14:23:52,832 INFO (TomcatWebServer.java:202)- Tomcat started on port(s): 8085 (http) with context path '/Yz'
2026-02-28 14:23:52,835 INFO (StartupInfoLogger.java:59)- Started App in 2.373 seconds (JVM running for 2.599)
2026-02-28 14:23:57,791 INFO (ScheduledTasks.java:17)- <<定时任务task01>> 1772259837791
2026-02-28 14:24:02,791 INFO (ScheduledTasks.java:17)- <<定时任务task01>> 1772259842791
2026-02-28 14:24:07,802 INFO (ScheduledTasks.java:17)- <<定时任务task01>> 1772259847802
2026-02-28 14:24:12,794 INFO (ScheduledTasks.java:17)- <<定时任务task01>> 1772259852794
2026-02-28 14:24:17,800 INFO (ScheduledTasks.java:17)- <<定时任务task01>> 1772259857800
2026-02-28 14:24:22,798 INFO (ScheduledTasks.java:17)- <<定时任务task01>> 1772259862798
2026-02-28 14:24:27,793 INFO (ScheduledTasks.java:17)- <<定时任务task01>> 1772259867793
2026-02-28 14:24:32,803 INFO (ScheduledTasks.java:17)- <<定时任务task01>> 1772259872803
2026-02-28 14:24:37,791 INFO (ScheduledTasks.java:17)- <<定时任务task01>> 1772259877791
2026-02-28 14:24:42,798 INFO (ScheduledTasks.java:17)- <<定时任务task01>> 1772259882798
2026-02-28 14:24:47,800 INFO (ScheduledTasks.java:17)- <<定时任务task01>> 1772259887800
2026-02-28 14:24:52,804 INFO (ScheduledTasks.java:17)- <<定时任务task01>> 1772259892804
2026-02-28 14:24:57,804 INFO (ScheduledTasks.java:17)- <<定时任务task01>> 1772259897804
2026-02-28 14:24:59,769 INFO (DirectJDKLog.java:173)- Initializing Spring DispatcherServlet 'dispatcherServlet'
2026-02-28 14:24:59,770 INFO (FrameworkServlet.java:524)- Initializing Servlet 'dispatcherServlet'
2026-02-28 14:24:59,780 INFO (FrameworkServlet.java:546)- Completed initialization in 10 ms
2026-02-28 14:24:59,807 INFO (WebLogAspect.java:36)- URL : http://127.0.0.1:8085/Yz/helloworld
2026-02-28 14:24:59,808 INFO (WebLogAspect.java:37)- HTTP_METHOD : GET
2026-02-28 14:24:59,808 INFO (WebLogAspect.java:38)- IP : 127.0.0.1
2026-02-28 14:24:59,813 INFO (HelloWorldController.java:35)- Hello World
2026-02-28 14:24:59,814 INFO (WebLogAspect.java:50)- Response : Hello World
2026-02-28 14:25:02,790 INFO (ScheduledTasks.java:17)- <<定时任务task01>> 1772259902790
2026-02-28 14:25:07,795 INFO (ScheduledTasks.java:17)- <<定时任务task01>> 1772259907795
2026-02-28 14:25:12,799 INFO (ScheduledTasks.java:17)- <<定时任务task01>> 1772259912799
2026-02-28 14:25:17,792 INFO (ScheduledTasks.java:17)- <<定时任务task01>> 1772259917792
2026-02-28 14:25:22,805 INFO (ScheduledTasks.java:17)- <<定时任务task01>> 1772259922805
2026-02-28 14:25:23,487 INFO (WebLogAspect.java:36)- URL : http://127.0.0.1:8085/Yz/helloworld
2026-02-28 14:25:23,487 INFO (WebLogAspect.java:37)- HTTP_METHOD : GET
2026-02-28 14:25:23,487 INFO (WebLogAspect.java:38)- IP : 127.0.0.1
2026-02-28 14:25:23,487 INFO (WebLogAspect.java:43)- (Params) Key:jz,Value:123
2026-02-28 14:25:23,489 INFO (HelloWorldController.java:35)- Hello World
2026-02-28 14:25:23,489 INFO (WebLogAspect.java:50)- Response : Hello World
2026-02-28 14:25:27,790 INFO (ScheduledTasks.java:17)- <<定时任务task01>> 1772259927790
2026-02-28 14:25:32,797 INFO (ScheduledTasks.java:17)- <<定时任务task01>> 1772259932797
2026-02-28 14:25:37,805 INFO (ScheduledTasks.java:17)- <<定时任务task01>> 1772259937805
2026-02-28 14:25:42,795 INFO (ScheduledTasks.java:17)- <<定时任务task01>> 1772259942795
2026-02-28 14:25:47,802 INFO (ScheduledTasks.java:17)- <<定时任务task01>> 1772259947802
2026-02-28 14:25:52,794 INFO (ScheduledTasks.java:17)- <<定时任务task01>> 1772259952794
2026-02-28 14:25:57,803 INFO (ScheduledTasks.java:17)- <<定时任务task01>> 1772259957803
2026-02-28 14:26:02,798 INFO (ScheduledTasks.java:17)- <<定时任务task01>> 1772259962798
2026-02-28 14:26:07,794 INFO (ScheduledTasks.java:17)- <<定时任务task01>> 1772259967794
2026-02-28 14:26:12,801 INFO (ScheduledTasks.java:17)- <<定时任务task01>> 1772259972801
2026-02-28 14:26:17,803 INFO (ScheduledTasks.java:17)- <<定时任务task01>> 1772259977803
2026-02-28 14:26:22,798 INFO (ScheduledTasks.java:17)- <<定时任务task01>> 1772259982798
2026-02-28 14:26:27,795 INFO (ScheduledTasks.java:17)- <<定时任务task01>> 1772259987795
2026-02-28 14:26:32,798 INFO (ScheduledTasks.java:17)- <<定时任务task01>> 1772259992798
2026-02-28 14:26:37,802 INFO (ScheduledTasks.java:17)- <<定时任务task01>> 1772259997802
2026-02-28 14:26:42,795 INFO (ScheduledTasks.java:17)- <<定时任务task01>> 1772260002795
2026-02-28 14:26:47,793 INFO (ScheduledTasks.java:17)- <<定时任务task01>> 1772260007793
2026-02-28 14:26:48,282 INFO (ExecutorConfigurationSupport.java:208)- Shutting down ExecutorService 'taskScheduler'
2026-02-28 14:26:48,283 INFO (ExecutorConfigurationSupport.java:208)- Shutting down ExecutorService 'applicationTaskExecutor'
2026-02-28 14:42:33,903 INFO (StartupInfoLogger.java:50)- Starting App v1.0-SNAPSHOT on zy with PID 10352 (D:\JavaProjects\SpringBoot\target\SpringBoot-1.0-SNAPSHOT.jar started by 15955 in D:\JavaProjects\SpringBoot)
2026-02-28 14:42:33,905 INFO (SpringApplication.java:652)- The following profiles are active: dev
2026-02-28 14:42:34,958 INFO (TomcatWebServer.java:90)- Tomcat initialized with port(s): 8085 (http)
2026-02-28 14:42:34,969 INFO (DirectJDKLog.java:173)- Initializing ProtocolHandler ["http-nio-8085"]
2026-02-28 14:42:34,977 INFO (DirectJDKLog.java:173)- Starting service [Tomcat]
2026-02-28 14:42:34,978 INFO (DirectJDKLog.java:173)- Starting Servlet engine: [Apache Tomcat/9.0.24]
2026-02-28 14:42:35,028 INFO (DirectJDKLog.java:173)- Initializing Spring embedded WebApplicationContext
2026-02-28 14:42:35,028 INFO (ServletWebServerApplicationContext.java:284)- Root WebApplicationContext: initialization completed in 1096 ms
2026-02-28 14:42:35,440 INFO (ExecutorConfigurationSupport.java:171)- Initializing ExecutorService 'applicationTaskExecutor'
2026-02-28 14:42:35,691 INFO (ExecutorConfigurationSupport.java:171)- Initializing ExecutorService 'taskScheduler'
2026-02-28 14:42:35,752 INFO (DirectJDKLog.java:173)- Starting ProtocolHandler ["http-nio-8085"]
2026-02-28 14:42:35,753 INFO (ScheduledTasks.java:17)- <<定时任务task01>> 1772260955751
2026-02-28 14:42:35,778 INFO (TomcatWebServer.java:202)- Tomcat started on port(s): 8085 (http) with context path '/Yz'
2026-02-28 14:42:35,783 INFO (StartupInfoLogger.java:59)- Started App in 2.237 seconds (JVM running for 2.454)
2026-02-28 14:42:40,755 INFO (ScheduledTasks.java:17)- <<定时任务task01>> 1772260960755
2026-02-28 14:42:42,662 INFO (ExecutorConfigurationSupport.java:208)- Shutting down ExecutorService 'taskScheduler'
2026-02-28 14:42:42,664 INFO (ExecutorConfigurationSupport.java:208)- Shutting down ExecutorService 'applicationTaskExecutor'
2026-02-28 14:43:17,976 INFO (StartupInfoLogger.java:50)- Starting App on zy with PID 46560 (D:\JavaProjects\SpringBoot\target\classes started by 15955 in D:\JavaProjects\SpringBoot)
2026-02-28 14:43:17,977 INFO (SpringApplication.java:652)- The following profiles are active: dev
2026-02-28 14:43:18,554 INFO (TomcatWebServer.java:90)- Tomcat initialized with port(s): 8085 (http)
2026-02-28 14:43:18,562 INFO (DirectJDKLog.java:173)- Initializing ProtocolHandler ["http-nio-8085"]
2026-02-28 14:43:18,567 INFO (DirectJDKLog.java:173)- Starting service [Tomcat]
2026-02-28 14:43:18,567 INFO (DirectJDKLog.java:173)- Starting Servlet engine: [Apache Tomcat/9.0.24]
2026-02-28 14:43:18,619 INFO (DirectJDKLog.java:173)- Initializing Spring embedded WebApplicationContext
2026-02-28 14:43:18,620 INFO (ServletWebServerApplicationContext.java:284)- Root WebApplicationContext: initialization completed in 622 ms
2026-02-28 14:43:18,873 INFO (ExecutorConfigurationSupport.java:171)- Initializing ExecutorService 'applicationTaskExecutor'
2026-02-28 14:43:18,995 INFO (ExecutorConfigurationSupport.java:171)- Initializing ExecutorService 'taskScheduler'
2026-02-28 14:43:19,023 INFO (ScheduledTasks.java:17)- <<定时任务task01>> 1772260999023
2026-02-28 14:43:19,029 INFO (DirectJDKLog.java:173)- Starting ProtocolHandler ["http-nio-8085"]
2026-02-28 14:43:19,041 INFO (TomcatWebServer.java:202)- Tomcat started on port(s): 8085 (http) with context path '/Yz'
2026-02-28 14:43:19,043 INFO (StartupInfoLogger.java:59)- Started App in 1.315 seconds (JVM running for 1.907)
2026-02-28 14:43:24,033 INFO (ScheduledTasks.java:17)- <<定时任务task01>> 1772261004033
2026-02-28 14:43:29,034 INFO (ScheduledTasks.java:17)- <<定时任务task01>> 1772261009034
2026-02-28 14:43:34,029 INFO (ScheduledTasks.java:17)- <<定时任务task01>> 1772261014029
2026-02-28 14:43:39,031 INFO (ScheduledTasks.java:17)- <<定时任务task01>> 1772261019031
2026-02-28 14:43:44,029 INFO (ScheduledTasks.java:17)- <<定时任务task01>> 1772261024029
2026-02-28 14:43:49,033 INFO (ScheduledTasks.java:17)- <<定时任务task01>> 1772261029033
2026-02-28 14:43:54,027 INFO (ScheduledTasks.java:17)- <<定时任务task01>> 1772261034027
2026-02-28 14:43:59,029 INFO (ScheduledTasks.java:17)- <<定时任务task01>> 1772261039029
2026-02-28 14:44:04,034 INFO (ScheduledTasks.java:17)- <<定时任务task01>> 1772261044034
2026-02-28 14:44:09,037 INFO (ScheduledTasks.java:17)- <<定时任务task01>> 1772261049037
2026-02-28 14:44:09,107 INFO (ExecutorConfigurationSupport.java:208)- Shutting down ExecutorService 'taskScheduler'
2026-02-28 14:44:09,108 INFO (ExecutorConfigurationSupport.java:208)- Shutting down ExecutorService 'applicationTaskExecutor'
2026-02-28 14:44:12,068 INFO (StartupInfoLogger.java:50)- Starting App on zy with PID 20224 (D:\JavaProjects\SpringBoot\target\classes started by 15955 in D:\JavaProjects\SpringBoot)
2026-02-28 14:44:12,069 INFO (SpringApplication.java:652)- The following profiles are active: dev
2026-02-28 14:44:12,707 INFO (TomcatWebServer.java:90)- Tomcat initialized with port(s): 8085 (http)
2026-02-28 14:44:12,714 INFO (DirectJDKLog.java:173)- Initializing ProtocolHandler ["http-nio-8085"]
2026-02-28 14:44:12,719 INFO (DirectJDKLog.java:173)- Starting service [Tomcat]
2026-02-28 14:44:12,719 INFO (DirectJDKLog.java:173)- Starting Servlet engine: [Apache Tomcat/9.0.24]
2026-02-28 14:44:12,765 INFO (DirectJDKLog.java:173)- Initializing Spring embedded WebApplicationContext
2026-02-28 14:44:12,765 INFO (ServletWebServerApplicationContext.java:284)- Root WebApplicationContext: initialization completed in 675 ms
2026-02-28 14:44:12,994 INFO (ExecutorConfigurationSupport.java:171)- Initializing ExecutorService 'applicationTaskExecutor'
2026-02-28 14:44:13,142 INFO (ExecutorConfigurationSupport.java:171)- Initializing ExecutorService 'taskScheduler'
2026-02-28 14:44:13,194 INFO (ScheduledTasks.java:17)- <<定时任务task01>> 1772261053194
2026-02-28 14:44:13,196 INFO (DirectJDKLog.java:173)- Starting ProtocolHandler ["http-nio-8085"]
2026-02-28 14:44:13,208 INFO (TomcatWebServer.java:202)- Tomcat started on port(s): 8085 (http) with context path '/Yz'
2026-02-28 14:44:13,211 INFO (StartupInfoLogger.java:59)- Started App in 1.389 seconds (JVM running for 1.963)
2026-02-28 14:44:18,209 INFO (ScheduledTasks.java:17)- <<定时任务task01>> 1772261058209
2026-02-28 14:44:21,521 INFO (DirectJDKLog.java:173)- Initializing Spring DispatcherServlet 'dispatcherServlet'
2026-02-28 14:44:21,521 INFO (FrameworkServlet.java:524)- Initializing Servlet 'dispatcherServlet'
2026-02-28 14:44:21,527 INFO (FrameworkServlet.java:546)- Completed initialization in 6 ms
2026-02-28 14:44:21,538 INFO (WebLogAspect.java:36)- URL : http://127.0.0.1:8085/Yz/exception
2026-02-28 14:44:21,538 INFO (WebLogAspect.java:37)- HTTP_METHOD : GET
2026-02-28 14:44:21,539 INFO (WebLogAspect.java:38)- IP : 127.0.0.1
2026-02-28 14:44:21,542 INFO (WebLogAspect.java:36)- URL : http://127.0.0.1:8085/Yz/exception
2026-02-28 14:44:21,542 INFO (WebLogAspect.java:37)- HTTP_METHOD : GET
2026-02-28 14:44:21,542 INFO (WebLogAspect.java:38)- IP : 127.0.0.1
2026-02-28 14:44:21,544 INFO (GlobalExceptionHandler.java:20)- 系统出现异常：java.lang.ArithmeticException: / by zero
2026-02-28 14:44:21,544 INFO (WebLogAspect.java:50)- Response : {msg=出现异常：/ by zero, code=500}
2026-02-28 14:44:23,202 INFO (ScheduledTasks.java:17)- <<定时任务task01>> 1772261063202
2026-02-28 14:44:28,198 INFO (ScheduledTasks.java:17)- <<定时任务task01>> 1772261068198
2026-02-28 14:44:33,206 INFO (ScheduledTasks.java:17)- <<定时任务task01>> 1772261073206
2026-02-28 14:44:38,205 INFO (ScheduledTasks.java:17)- <<定时任务task01>> 1772261078205
2026-02-28 14:44:43,201 INFO (ScheduledTasks.java:17)- <<定时任务task01>> 1772261083201
2026-02-28 14:44:48,204 INFO (ScheduledTasks.java:17)- <<定时任务task01>> 1772261088204
2026-02-28 14:44:53,203 INFO (ScheduledTasks.java:17)- <<定时任务task01>> 1772261093203
2026-02-28 14:44:58,200 INFO (ScheduledTasks.java:17)- <<定时任务task01>> 1772261098200
2026-02-28 14:45:03,199 INFO (ScheduledTasks.java:17)- <<定时任务task01>> 1772261103199
2026-02-28 14:45:08,197 INFO (ScheduledTasks.java:17)- <<定时任务task01>> 1772261108197
2026-02-28 14:45:13,200 INFO (ScheduledTasks.java:17)- <<定时任务task01>> 1772261113200
2026-02-28 14:45:18,204 INFO (ScheduledTasks.java:17)- <<定时任务task01>> 1772261118204
2026-02-28 14:45:23,202 INFO (ScheduledTasks.java:17)- <<定时任务task01>> 1772261123202
2026-02-28 14:45:28,201 INFO (ScheduledTasks.java:17)- <<定时任务task01>> 1772261128201
2026-02-28 14:45:31,369 INFO (ExecutorConfigurationSupport.java:208)- Shutting down ExecutorService 'taskScheduler'
2026-02-28 14:45:31,370 INFO (ExecutorConfigurationSupport.java:208)- Shutting down ExecutorService 'applicationTaskExecutor'
